{"C:\\Users\\walte\\Desktop\\projetos\\pokelist\\src\\components\\card\\index.tsx": {"path":"C:\\Users\\walte\\Desktop\\projetos\\pokelist\\src\\components\\card\\index.tsx","statementMap":{"0":{"start":{"line":1,"column":0},"end":{"line":1,"column":56}},"1":{"start":{"line":2,"column":0},"end":{"line":2,"column":24}},"2":{"start":{"line":4,"column":0},"end":{"line":4,"column":28}},"3":{"start":{"line":5,"column":0},"end":{"line":5,"column":30}},"4":{"start":{"line":15,"column":13},"end":{"line":31,"column":1}},"5":{"start":{"line":16,"column":19},"end":{"line":16,"column":33}},"6":{"start":{"line":18,"column":2},"end":{"line":30,"column":null}},"7":{"start":{"line":21,"column":30},"end":{"line":21,"column":54}},"8":{"start":{"line":33,"column":0},"end":{"line":33,"column":null}}},"fnMap":{"0":{"name":"(anonymous_0)","decl":{"start":{"line":15,"column":13},"end":{"line":15,"column":14}},"loc":{"start":{"line":15,"column":36},"end":{"line":31,"column":1}}},"1":{"name":"(anonymous_1)","decl":{"start":{"line":21,"column":24},"end":{"line":21,"column":27}},"loc":{"start":{"line":21,"column":30},"end":{"line":21,"column":54}}}},"branchMap":{},"s":{"0":2,"1":2,"2":2,"3":2,"4":2,"5":4,"6":4,"7":3,"8":2},"f":{"0":4,"1":3},"b":{}}
,"C:\\Users\\walte\\Desktop\\projetos\\pokelist\\src\\components\\card\\style\\index.ts": {"path":"C:\\Users\\walte\\Desktop\\projetos\\pokelist\\src\\components\\card\\style\\index.ts","statementMap":{"0":{"start":{"line":1,"column":0},"end":{"line":1,"column":39}},"1":{"start":{"line":2,"column":0},"end":{"line":2,"column":55}},"2":{"start":{"line":4,"column":13},"end":{"line":12,"column":null}},"3":{"start":{"line":14,"column":13},"end":{"line":16,"column":null}},"4":{"start":{"line":18,"column":13},"end":{"line":23,"column":null}},"5":{"start":{"line":25,"column":13},"end":{"line":30,"column":null}}},"fnMap":{},"branchMap":{},"s":{"0":2,"1":2,"2":2,"3":2,"4":2,"5":2},"f":{},"b":{}}
,"C:\\Users\\walte\\Desktop\\projetos\\pokelist\\src\\components\\modal\\index.tsx": {"path":"C:\\Users\\walte\\Desktop\\projetos\\pokelist\\src\\components\\modal\\index.tsx","statementMap":{"0":{"start":{"line":1,"column":0},"end":{"line":1,"column":81}},"1":{"start":{"line":3,"column":0},"end":{"line":3,"column":24}},"2":{"start":{"line":4,"column":0},"end":{"line":4,"column":85}},"3":{"start":{"line":5,"column":0},"end":{"line":5,"column":40}},"4":{"start":{"line":13,"column":14},"end":{"line":54,"column":1}},"5":{"start":{"line":14,"column":36},"end":{"line":14,"column":55}},"6":{"start":{"line":15,"column":32},"end":{"line":15,"column":52}},"7":{"start":{"line":16,"column":22},"end":{"line":16,"column":29}},"8":{"start":{"line":18,"column":2},"end":{"line":22,"column":null}},"9":{"start":{"line":19,"column":4},"end":{"line":21,"column":null}},"10":{"start":{"line":20,"column":18},"end":{"line":20,"column":36}},"11":{"start":{"line":24,"column":28},"end":{"line":31,"column":3}},"12":{"start":{"line":25,"column":4},"end":{"line":30,"column":null}},"13":{"start":{"line":26,"column":21},"end":{"line":26,"column":67}},"14":{"start":{"line":27,"column":6},"end":{"line":27,"column":null}},"15":{"start":{"line":29,"column":6},"end":{"line":29,"column":null}},"16":{"start":{"line":33,"column":2},"end":{"line":35,"column":null}},"17":{"start":{"line":34,"column":4},"end":{"line":34,"column":null}},"18":{"start":{"line":37,"column":2},"end":{"line":53,"column":null}},"19":{"start":{"line":39,"column":62},"end":{"line":39,"column":81}},"20":{"start":{"line":40,"column":61},"end":{"line":40,"column":80}},"21":{"start":{"line":41,"column":32},"end":{"line":41,"column":51}},"22":{"start":{"line":56,"column":0},"end":{"line":56,"column":null}}},"fnMap":{"0":{"name":"(anonymous_0)","decl":{"start":{"line":13,"column":14},"end":{"line":13,"column":15}},"loc":{"start":{"line":13,"column":52},"end":{"line":54,"column":1}}},"1":{"name":"(anonymous_1)","decl":{"start":{"line":18,"column":27},"end":{"line":18,"column":30}},"loc":{"start":{"line":18,"column":32},"end":{"line":22,"column":3}}},"2":{"name":"(anonymous_2)","decl":{"start":{"line":20,"column":12},"end":{"line":20,"column":15}},"loc":{"start":{"line":20,"column":18},"end":{"line":20,"column":36}}},"3":{"name":"(anonymous_3)","decl":{"start":{"line":24,"column":28},"end":{"line":24,"column":33}},"loc":{"start":{"line":24,"column":38},"end":{"line":31,"column":3}}},"4":{"name":"(anonymous_4)","decl":{"start":{"line":33,"column":12},"end":{"line":33,"column":15}},"loc":{"start":{"line":33,"column":17},"end":{"line":35,"column":3}}},"5":{"name":"(anonymous_5)","decl":{"start":{"line":39,"column":56},"end":{"line":39,"column":59}},"loc":{"start":{"line":39,"column":62},"end":{"line":39,"column":81}}},"6":{"name":"(anonymous_6)","decl":{"start":{"line":40,"column":54},"end":{"line":40,"column":55}},"loc":{"start":{"line":40,"column":61},"end":{"line":40,"column":80}}},"7":{"name":"(anonymous_7)","decl":{"start":{"line":41,"column":26},"end":{"line":41,"column":29}},"loc":{"start":{"line":41,"column":32},"end":{"line":41,"column":51}}}},"branchMap":{"0":{"loc":{"start":{"line":38,"column":4},"end":{"line":52,"column":13}},"type":"cond-expr","locations":[{"start":{"line":39,"column":6},"end":{"line":48,"column":null}},{"start":{"line":52,"column":7},"end":{"line":52,"column":12}}]}},"s":{"0":2,"1":2,"2":2,"3":2,"4":2,"5":8,"6":8,"7":8,"8":8,"9":8,"10":3,"11":8,"12":4,"13":4,"14":0,"15":0,"16":8,"17":4,"18":8,"19":1,"20":1,"21":0,"22":2},"f":{"0":8,"1":8,"2":3,"3":4,"4":4,"5":1,"6":1,"7":0},"b":{"0":[3,5]}}
,"C:\\Users\\walte\\Desktop\\projetos\\pokelist\\src\\components\\modal\\style\\index.ts": {"path":"C:\\Users\\walte\\Desktop\\projetos\\pokelist\\src\\components\\modal\\style\\index.ts","statementMap":{"0":{"start":{"line":1,"column":0},"end":{"line":1,"column":39}},"1":{"start":{"line":2,"column":0},"end":{"line":2,"column":55}},"2":{"start":{"line":8,"column":13},"end":{"line":20,"column":null}},"3":{"start":{"line":22,"column":13},"end":{"line":45,"column":null}},"4":{"start":{"line":47,"column":13},"end":{"line":54,"column":null}},"5":{"start":{"line":56,"column":13},"end":{"line":61,"column":null}},"6":{"start":{"line":59,"column":35},"end":{"line":59,"column":44}},"7":{"start":{"line":63,"column":13},"end":{"line":68,"column":null}},"8":{"start":{"line":70,"column":13},"end":{"line":75,"column":null}},"9":{"start":{"line":77,"column":13},"end":{"line":83,"column":null}},"10":{"start":{"line":85,"column":13},"end":{"line":90,"column":null}}},"fnMap":{"0":{"name":"(anonymous_0)","decl":{"start":{"line":59,"column":26},"end":{"line":59,"column":31}},"loc":{"start":{"line":59,"column":35},"end":{"line":59,"column":44}}}},"branchMap":{},"s":{"0":2,"1":2,"2":2,"3":2,"4":2,"5":2,"6":3,"7":2,"8":2,"9":2,"10":2},"f":{"0":3},"b":{}}
,"C:\\Users\\walte\\Desktop\\projetos\\pokelist\\src\\components\\tag\\index.tsx": {"path":"C:\\Users\\walte\\Desktop\\projetos\\pokelist\\src\\components\\tag\\index.tsx","statementMap":{"0":{"start":{"line":1,"column":0},"end":{"line":1,"column":44}},"1":{"start":{"line":8,"column":12},"end":{"line":17,"column":1}},"2":{"start":{"line":10,"column":2},"end":{"line":16,"column":null}},"3":{"start":{"line":13,"column":8},"end":{"line":13,"column":null}},"4":{"start":{"line":19,"column":0},"end":{"line":19,"column":null}}},"fnMap":{"0":{"name":"(anonymous_0)","decl":{"start":{"line":8,"column":12},"end":{"line":8,"column":13}},"loc":{"start":{"line":8,"column":34},"end":{"line":17,"column":1}}},"1":{"name":"(anonymous_1)","decl":{"start":{"line":12,"column":18},"end":{"line":12,"column":19}},"loc":{"start":{"line":12,"column":57},"end":{"line":14,"column":7}}}},"branchMap":{},"s":{"0":3,"1":3,"2":8,"3":2,"4":3},"f":{"0":8,"1":2},"b":{}}
,"C:\\Users\\walte\\Desktop\\projetos\\pokelist\\src\\components\\tag\\style\\index.ts": {"path":"C:\\Users\\walte\\Desktop\\projetos\\pokelist\\src\\components\\tag\\style\\index.ts","statementMap":{"0":{"start":{"line":1,"column":0},"end":{"line":1,"column":39}},"1":{"start":{"line":3,"column":0},"end":{"line":3,"column":58}},"2":{"start":{"line":5,"column":0},"end":{"line":5,"column":33}},"3":{"start":{"line":11,"column":13},"end":{"line":15,"column":null}},"4":{"start":{"line":17,"column":13},"end":{"line":25,"column":null}},"5":{"start":{"line":22,"column":30},"end":{"line":22,"column":73}},"6":{"start":{"line":23,"column":41},"end":{"line":23,"column":71}}},"fnMap":{"0":{"name":"(anonymous_0)","decl":{"start":{"line":22,"column":11},"end":{"line":22,"column":12}},"loc":{"start":{"line":22,"column":30},"end":{"line":22,"column":73}}},"1":{"name":"(anonymous_1)","decl":{"start":{"line":23,"column":22},"end":{"line":23,"column":23}},"loc":{"start":{"line":23,"column":41},"end":{"line":23,"column":71}}}},"branchMap":{},"s":{"0":3,"1":3,"2":3,"3":3,"4":3,"5":2,"6":2},"f":{"0":2,"1":2},"b":{}}
,"C:\\Users\\walte\\Desktop\\projetos\\pokelist\\src\\services\\api\\index.ts": {"path":"C:\\Users\\walte\\Desktop\\projetos\\pokelist\\src\\services\\api\\index.ts","statementMap":{"0":{"start":{"line":1,"column":0},"end":{"line":1,"column":44}},"1":{"start":{"line":3,"column":13},"end":{"line":5,"column":null}}},"fnMap":{},"branchMap":{},"s":{"0":2,"1":2},"f":{},"b":{}}
,"C:\\Users\\walte\\Desktop\\projetos\\pokelist\\src\\stylesheet\\index.ts": {"path":"C:\\Users\\walte\\Desktop\\projetos\\pokelist\\src\\stylesheet\\index.ts","statementMap":{"0":{"start":{"line":1,"column":0},"end":{"line":1,"column":39}},"1":{"start":{"line":2,"column":0},"end":{"line":2,"column":53}},"2":{"start":{"line":22,"column":13},"end":{"line":43,"column":null}},"3":{"start":{"line":45,"column":13},"end":{"line":55,"column":null}},"4":{"start":{"line":57,"column":13},"end":{"line":62,"column":null}},"5":{"start":{"line":64,"column":13},"end":{"line":68,"column":null}}},"fnMap":{},"branchMap":{},"s":{"0":3,"1":3,"2":3,"3":3,"4":3,"5":3},"f":{},"b":{}}
}
