TN:
SF:src\components\card\index.tsx
FN:15,(anonymous_0)
FN:21,(anonymous_1)
FNF:2
FNH:2
FNDA:4,(anonymous_0)
FNDA:3,(anonymous_1)
DA:1,2
DA:2,2
DA:4,2
DA:5,2
DA:15,2
DA:16,4
DA:18,4
DA:21,3
DA:33,2
LF:9
LH:9
BRF:0
BRH:0
end_of_record
TN:
SF:src\components\card\style\index.ts
FNF:0
FNH:0
DA:1,2
DA:2,2
DA:4,2
DA:14,2
DA:18,2
DA:25,2
LF:6
LH:6
BRF:0
BRH:0
end_of_record
TN:
SF:src\components\modal\index.tsx
FN:13,(anonymous_0)
FN:18,(anonymous_1)
FN:20,(anonymous_2)
FN:24,(anonymous_3)
FN:33,(anonymous_4)
FN:39,(anonymous_5)
FN:40,(anonymous_6)
FN:41,(anonymous_7)
FNF:8
FNH:7
FNDA:8,(anonymous_0)
FNDA:8,(anonymous_1)
FNDA:3,(anonymous_2)
FNDA:4,(anonymous_3)
FNDA:4,(anonymous_4)
FNDA:1,(anonymous_5)
FNDA:1,(anonymous_6)
FNDA:0,(anonymous_7)
DA:1,2
DA:3,2
DA:4,2
DA:5,2
DA:13,2
DA:14,8
DA:15,8
DA:16,8
DA:18,8
DA:19,8
DA:20,3
DA:24,8
DA:25,4
DA:26,4
DA:27,0
DA:29,0
DA:33,8
DA:34,4
DA:37,8
DA:39,1
DA:40,1
DA:41,0
DA:56,2
LF:23
LH:20
BRDA:38,0,0,3
BRDA:38,0,1,5
BRF:2
BRH:2
end_of_record
TN:
SF:src\components\modal\style\index.ts
FN:59,(anonymous_0)
FNF:1
FNH:1
FNDA:3,(anonymous_0)
DA:1,2
DA:2,2
DA:8,2
DA:22,2
DA:47,2
DA:56,2
DA:59,3
DA:63,2
DA:70,2
DA:77,2
DA:85,2
LF:11
LH:11
BRF:0
BRH:0
end_of_record
TN:
SF:src\components\tag\index.tsx
FN:8,(anonymous_0)
FN:12,(anonymous_1)
FNF:2
FNH:2
FNDA:8,(anonymous_0)
FNDA:2,(anonymous_1)
DA:1,3
DA:8,3
DA:10,8
DA:13,2
DA:19,3
LF:5
LH:5
BRF:0
BRH:0
end_of_record
TN:
SF:src\components\tag\style\index.ts
FN:22,(anonymous_0)
FN:23,(anonymous_1)
FNF:2
FNH:2
FNDA:2,(anonymous_0)
FNDA:2,(anonymous_1)
DA:1,3
DA:3,3
DA:5,3
DA:11,3
DA:17,3
DA:22,2
DA:23,2
LF:7
LH:7
BRF:0
BRH:0
end_of_record
TN:
SF:src\services\api\index.ts
FNF:0
FNH:0
DA:1,2
DA:3,2
LF:2
LH:2
BRF:0
BRH:0
end_of_record
TN:
SF:src\stylesheet\index.ts
FNF:0
FNH:0
DA:1,3
DA:2,3
DA:22,3
DA:45,3
DA:57,3
DA:64,3
LF:6
LH:6
BRF:0
BRH:0
end_of_record
